{"/home/bsantana/code/projetos/Projeto3-Clean-Architecture-Aprofunda/src/app/controllers/CreateBookController.ts": {"path":"/home/bsantana/code/projetos/Projeto3-Clean-Architecture-Aprofunda/src/app/controllers/CreateBookController.ts","statementMap":{"0":{"start":{"line":2,"column":0},"end":{"line":2,"column":72}},"1":{"start":{"line":3,"column":0},"end":{"line":3,"column":60}},"2":{"start":{"line":7,"column":49},"end":{"line":7,"column":57}},"3":{"start":{"line":9,"column":8},"end":{"line":23,"column":9}},"4":{"start":{"line":10,"column":31},"end":{"line":10,"column":61}},"5":{"start":{"line":11,"column":25},"end":{"line":11,"column":83}},"6":{"start":{"line":13,"column":12},"end":{"line":20,"column":15}},"7":{"start":{"line":22,"column":12},"end":{"line":22,"column":58}},"8":{"start":{"line":5,"column":0},"end":{"line":5,"column":13}}},"fnMap":{"0":{"name":"(anonymous_0)","decl":{"start":{"line":6,"column":4},"end":{"line":6,"column":9}},"loc":{"start":{"line":6,"column":44},"end":{"line":24,"column":5}}}},"branchMap":{},"s":{"0":6,"1":6,"2":8,"3":8,"4":8,"5":8,"6":7,"7":1,"8":6},"f":{"0":8},"b":{}}
,"/home/bsantana/code/projetos/Projeto3-Clean-Architecture-Aprofunda/src/app/controllers/DeleteBookController.ts": {"path":"/home/bsantana/code/projetos/Projeto3-Clean-Architecture-Aprofunda/src/app/controllers/DeleteBookController.ts","statementMap":{"0":{"start":{"line":2,"column":0},"end":{"line":2,"column":72}},"1":{"start":{"line":3,"column":0},"end":{"line":3,"column":60}},"2":{"start":{"line":7,"column":23},"end":{"line":7,"column":33}},"3":{"start":{"line":9,"column":8},"end":{"line":16,"column":9}},"4":{"start":{"line":10,"column":31},"end":{"line":10,"column":61}},"5":{"start":{"line":11,"column":12},"end":{"line":11,"column":41}},"6":{"start":{"line":13,"column":12},"end":{"line":13,"column":42}},"7":{"start":{"line":15,"column":12},"end":{"line":15,"column":49}},"8":{"start":{"line":5,"column":0},"end":{"line":5,"column":13}}},"fnMap":{"0":{"name":"(anonymous_0)","decl":{"start":{"line":6,"column":4},"end":{"line":6,"column":9}},"loc":{"start":{"line":6,"column":44},"end":{"line":17,"column":5}}}},"branchMap":{},"s":{"0":6,"1":6,"2":1,"3":1,"4":1,"5":1,"6":1,"7":0,"8":6},"f":{"0":1},"b":{}}
,"/home/bsantana/code/projetos/Projeto3-Clean-Architecture-Aprofunda/src/app/controllers/FindBookByIdController.ts": {"path":"/home/bsantana/code/projetos/Projeto3-Clean-Architecture-Aprofunda/src/app/controllers/FindBookByIdController.ts","statementMap":{"0":{"start":{"line":2,"column":0},"end":{"line":2,"column":72}},"1":{"start":{"line":3,"column":0},"end":{"line":3,"column":64}},"2":{"start":{"line":7,"column":23},"end":{"line":7,"column":33}},"3":{"start":{"line":9,"column":8},"end":{"line":16,"column":9}},"4":{"start":{"line":10,"column":33},"end":{"line":10,"column":65}},"5":{"start":{"line":11,"column":30},"end":{"line":11,"column":60}},"6":{"start":{"line":13,"column":12},"end":{"line":13,"column":51}},"7":{"start":{"line":15,"column":12},"end":{"line":15,"column":49}},"8":{"start":{"line":5,"column":0},"end":{"line":5,"column":13}}},"fnMap":{"0":{"name":"(anonymous_0)","decl":{"start":{"line":6,"column":4},"end":{"line":6,"column":9}},"loc":{"start":{"line":6,"column":44},"end":{"line":17,"column":5}}}},"branchMap":{},"s":{"0":6,"1":6,"2":3,"3":3,"4":3,"5":3,"6":3,"7":0,"8":6},"f":{"0":3},"b":{}}
,"/home/bsantana/code/projetos/Projeto3-Clean-Architecture-Aprofunda/src/app/controllers/ListAllBooksController.ts": {"path":"/home/bsantana/code/projetos/Projeto3-Clean-Architecture-Aprofunda/src/app/controllers/ListAllBooksController.ts","statementMap":{"0":{"start":{"line":2,"column":0},"end":{"line":2,"column":72}},"1":{"start":{"line":3,"column":0},"end":{"line":3,"column":57}},"2":{"start":{"line":9,"column":8},"end":{"line":16,"column":9}},"3":{"start":{"line":10,"column":33},"end":{"line":10,"column":62}},"4":{"start":{"line":11,"column":36},"end":{"line":11,"column":64}},"5":{"start":{"line":13,"column":12},"end":{"line":13,"column":50}},"6":{"start":{"line":15,"column":12},"end":{"line":15,"column":49}},"7":{"start":{"line":6,"column":0},"end":{"line":6,"column":13}}},"fnMap":{"0":{"name":"(anonymous_0)","decl":{"start":{"line":7,"column":4},"end":{"line":7,"column":9}},"loc":{"start":{"line":7,"column":44},"end":{"line":17,"column":5}}}},"branchMap":{},"s":{"0":6,"1":6,"2":1,"3":1,"4":1,"5":1,"6":0,"7":6},"f":{"0":1},"b":{}}
,"/home/bsantana/code/projetos/Projeto3-Clean-Architecture-Aprofunda/src/app/controllers/UpdateBookController.ts": {"path":"/home/bsantana/code/projetos/Projeto3-Clean-Architecture-Aprofunda/src/app/controllers/UpdateBookController.ts","statementMap":{"0":{"start":{"line":2,"column":0},"end":{"line":2,"column":72}},"1":{"start":{"line":3,"column":0},"end":{"line":3,"column":60}},"2":{"start":{"line":7,"column":23},"end":{"line":7,"column":33}},"3":{"start":{"line":8,"column":21},"end":{"line":8,"column":29}},"4":{"start":{"line":10,"column":8},"end":{"line":17,"column":9}},"5":{"start":{"line":11,"column":31},"end":{"line":11,"column":61}},"6":{"start":{"line":12,"column":32},"end":{"line":12,"column":66}},"7":{"start":{"line":14,"column":12},"end":{"line":14,"column":53}},"8":{"start":{"line":16,"column":12},"end":{"line":16,"column":49}},"9":{"start":{"line":5,"column":0},"end":{"line":5,"column":13}}},"fnMap":{"0":{"name":"(anonymous_0)","decl":{"start":{"line":6,"column":4},"end":{"line":6,"column":9}},"loc":{"start":{"line":6,"column":44},"end":{"line":18,"column":5}}}},"branchMap":{},"s":{"0":6,"1":6,"2":1,"3":1,"4":1,"5":1,"6":1,"7":1,"8":0,"9":6},"f":{"0":1},"b":{}}
,"/home/bsantana/code/projetos/Projeto3-Clean-Architecture-Aprofunda/src/app/controllers/UpdateBorrowStatusController.ts": {"path":"/home/bsantana/code/projetos/Projeto3-Clean-Architecture-Aprofunda/src/app/controllers/UpdateBorrowStatusController.ts","statementMap":{"0":{"start":{"line":2,"column":0},"end":{"line":2,"column":72}},"1":{"start":{"line":3,"column":0},"end":{"line":3,"column":76}},"2":{"start":{"line":7,"column":23},"end":{"line":7,"column":33}},"3":{"start":{"line":9,"column":8},"end":{"line":16,"column":9}},"4":{"start":{"line":10,"column":31},"end":{"line":10,"column":69}},"5":{"start":{"line":11,"column":12},"end":{"line":11,"column":41}},"6":{"start":{"line":13,"column":12},"end":{"line":13,"column":42}},"7":{"start":{"line":15,"column":12},"end":{"line":15,"column":49}},"8":{"start":{"line":5,"column":0},"end":{"line":5,"column":13}}},"fnMap":{"0":{"name":"(anonymous_0)","decl":{"start":{"line":6,"column":4},"end":{"line":6,"column":9}},"loc":{"start":{"line":6,"column":44},"end":{"line":17,"column":5}}}},"branchMap":{},"s":{"0":6,"1":6,"2":1,"3":1,"4":1,"5":1,"6":1,"7":0,"8":6},"f":{"0":1},"b":{}}
,"/home/bsantana/code/projetos/Projeto3-Clean-Architecture-Aprofunda/src/app/controllers/routes/libraryRoutes.ts": {"path":"/home/bsantana/code/projetos/Projeto3-Clean-Architecture-Aprofunda/src/app/controllers/routes/libraryRoutes.ts","statementMap":{"0":{"start":{"line":1,"column":0},"end":{"line":1,"column":33}},"1":{"start":{"line":2,"column":0},"end":{"line":2,"column":63}},"2":{"start":{"line":3,"column":0},"end":{"line":3,"column":63}},"3":{"start":{"line":4,"column":0},"end":{"line":4,"column":67}},"4":{"start":{"line":5,"column":0},"end":{"line":5,"column":67}},"5":{"start":{"line":6,"column":0},"end":{"line":6,"column":79}},"6":{"start":{"line":7,"column":0},"end":{"line":7,"column":63}},"7":{"start":{"line":9,"column":15},"end":{"line":9,"column":23}},"8":{"start":{"line":42,"column":19},"end":{"line":42,"column":32}},"9":{"start":{"line":11,"column":29},"end":{"line":11,"column":55}},"10":{"start":{"line":12,"column":29},"end":{"line":12,"column":55}},"11":{"start":{"line":13,"column":31},"end":{"line":13,"column":59}},"12":{"start":{"line":14,"column":31},"end":{"line":14,"column":59}},"13":{"start":{"line":15,"column":29},"end":{"line":15,"column":55}},"14":{"start":{"line":16,"column":37},"end":{"line":16,"column":71}},"15":{"start":{"line":18,"column":0},"end":{"line":20,"column":3}},"16":{"start":{"line":19,"column":4},"end":{"line":19,"column":48}},"17":{"start":{"line":22,"column":0},"end":{"line":24,"column":3}},"18":{"start":{"line":23,"column":4},"end":{"line":23,"column":48}},"19":{"start":{"line":26,"column":0},"end":{"line":28,"column":3}},"20":{"start":{"line":27,"column":4},"end":{"line":27,"column":50}},"21":{"start":{"line":30,"column":0},"end":{"line":32,"column":3}},"22":{"start":{"line":31,"column":4},"end":{"line":31,"column":50}},"23":{"start":{"line":34,"column":0},"end":{"line":36,"column":3}},"24":{"start":{"line":35,"column":4},"end":{"line":35,"column":48}},"25":{"start":{"line":38,"column":0},"end":{"line":40,"column":3}},"26":{"start":{"line":39,"column":4},"end":{"line":39,"column":56}}},"fnMap":{"0":{"name":"(anonymous_0)","decl":{"start":{"line":18,"column":28},"end":{"line":18,"column":33}},"loc":{"start":{"line":18,"column":47},"end":{"line":20,"column":1}}},"1":{"name":"(anonymous_1)","decl":{"start":{"line":22,"column":34},"end":{"line":22,"column":39}},"loc":{"start":{"line":22,"column":53},"end":{"line":24,"column":1}}},"2":{"name":"(anonymous_2)","decl":{"start":{"line":26,"column":24},"end":{"line":26,"column":29}},"loc":{"start":{"line":26,"column":43},"end":{"line":28,"column":1}}},"3":{"name":"(anonymous_3)","decl":{"start":{"line":30,"column":21},"end":{"line":30,"column":26}},"loc":{"start":{"line":30,"column":40},"end":{"line":32,"column":1}}},"4":{"name":"(anonymous_4)","decl":{"start":{"line":34,"column":31},"end":{"line":34,"column":36}},"loc":{"start":{"line":34,"column":50},"end":{"line":36,"column":1}}},"5":{"name":"(anonymous_5)","decl":{"start":{"line":38,"column":35},"end":{"line":38,"column":40}},"loc":{"start":{"line":38,"column":54},"end":{"line":40,"column":1}}}},"branchMap":{},"s":{"0":6,"1":6,"2":6,"3":6,"4":6,"5":6,"6":6,"7":6,"8":6,"9":6,"10":6,"11":6,"12":6,"13":6,"14":6,"15":6,"16":8,"17":6,"18":1,"19":6,"20":3,"21":6,"22":1,"23":6,"24":1,"25":6,"26":1},"f":{"0":8,"1":1,"2":3,"3":1,"4":1,"5":1},"b":{}}
,"/home/bsantana/code/projetos/Projeto3-Clean-Architecture-Aprofunda/src/core/entities/Book.ts": {"path":"/home/bsantana/code/projetos/Projeto3-Clean-Architecture-Aprofunda/src/core/entities/Book.ts","statementMap":{"0":{"start":{"line":5,"column":15},"end":{"line":5,"column":25}},"1":{"start":{"line":6,"column":15},"end":{"line":6,"column":28}},"2":{"start":{"line":7,"column":15},"end":{"line":7,"column":29}},"3":{"start":{"line":8,"column":15},"end":{"line":8,"column":36}},"4":{"start":{"line":12,"column":8},"end":{"line":12,"column":21}},"5":{"start":{"line":13,"column":8},"end":{"line":13,"column":37}},"6":{"start":{"line":1,"column":0},"end":{"line":1,"column":13}}},"fnMap":{"0":{"name":"(anonymous_0)","decl":{"start":{"line":4,"column":4},"end":{"line":4,"column":null}},"loc":{"start":{"line":9,"column":27},"end":{"line":14,"column":5}}}},"branchMap":{},"s":{"0":14,"1":14,"2":14,"3":14,"4":14,"5":14,"6":12},"f":{"0":14},"b":{}}
,"/home/bsantana/code/projetos/Projeto3-Clean-Architecture-Aprofunda/src/core/usecases/CreateBook.ts": {"path":"/home/bsantana/code/projetos/Projeto3-Clean-Architecture-Aprofunda/src/core/usecases/CreateBook.ts","statementMap":{"0":{"start":{"line":1,"column":0},"end":{"line":1,"column":36}},"1":{"start":{"line":2,"column":0},"end":{"line":2,"column":40}},"2":{"start":{"line":12,"column":24},"end":{"line":12,"column":54}},"3":{"start":{"line":15,"column":8},"end":{"line":17,"column":9}},"4":{"start":{"line":16,"column":12},"end":{"line":16,"column":64}},"5":{"start":{"line":19,"column":28},"end":{"line":25,"column":10}},"6":{"start":{"line":27,"column":8},"end":{"line":27,"column":52}},"7":{"start":{"line":28,"column":8},"end":{"line":28,"column":27}},"8":{"start":{"line":11,"column":0},"end":{"line":11,"column":13}}},"fnMap":{"0":{"name":"(anonymous_0)","decl":{"start":{"line":12,"column":4},"end":{"line":12,"column":24}},"loc":{"start":{"line":12,"column":54},"end":{"line":12,"column":58}}},"1":{"name":"(anonymous_1)","decl":{"start":{"line":14,"column":4},"end":{"line":14,"column":9}},"loc":{"start":{"line":14,"column":37},"end":{"line":29,"column":5}}}},"branchMap":{"0":{"loc":{"start":{"line":15,"column":8},"end":{"line":17,"column":9}},"type":"if","locations":[{"start":{"line":15,"column":8},"end":{"line":17,"column":9}},{"start":{},"end":{}}]},"1":{"loc":{"start":{"line":15,"column":12},"end":{"line":15,"column":71}},"type":"binary-expr","locations":[{"start":{"line":15,"column":12},"end":{"line":15,"column":26}},{"start":{"line":15,"column":30},"end":{"line":15,"column":45}},{"start":{"line":15,"column":49},"end":{"line":15,"column":71}}]}},"s":{"0":12,"1":12,"2":17,"3":16,"4":2,"5":14,"6":14,"7":14,"8":12},"f":{"0":17,"1":16},"b":{"0":[2,14],"1":[16,14,14]}}
,"/home/bsantana/code/projetos/Projeto3-Clean-Architecture-Aprofunda/src/core/usecases/DeleteBook.ts": {"path":"/home/bsantana/code/projetos/Projeto3-Clean-Architecture-Aprofunda/src/core/usecases/DeleteBook.ts","statementMap":{"0":{"start":{"line":4,"column":24},"end":{"line":4,"column":54}},"1":{"start":{"line":7,"column":21},"end":{"line":7,"column":63}},"2":{"start":{"line":8,"column":8},"end":{"line":8,"column":36}},"3":{"start":{"line":8,"column":19},"end":{"line":8,"column":36}},"4":{"start":{"line":10,"column":8},"end":{"line":10,"column":53}},"5":{"start":{"line":3,"column":0},"end":{"line":3,"column":13}}},"fnMap":{"0":{"name":"(anonymous_0)","decl":{"start":{"line":4,"column":4},"end":{"line":4,"column":24}},"loc":{"start":{"line":4,"column":54},"end":{"line":4,"column":58}}},"1":{"name":"(anonymous_1)","decl":{"start":{"line":6,"column":4},"end":{"line":6,"column":9}},"loc":{"start":{"line":6,"column":31},"end":{"line":11,"column":5}}}},"branchMap":{"0":{"loc":{"start":{"line":8,"column":8},"end":{"line":8,"column":36}},"type":"if","locations":[{"start":{"line":8,"column":8},"end":{"line":8,"column":36}},{"start":{},"end":{}}]}},"s":{"0":3,"1":3,"2":3,"3":1,"4":2,"5":7},"f":{"0":3,"1":3},"b":{"0":[1,2]}}
,"/home/bsantana/code/projetos/Projeto3-Clean-Architecture-Aprofunda/src/core/usecases/FindBookById.ts": {"path":"/home/bsantana/code/projetos/Projeto3-Clean-Architecture-Aprofunda/src/core/usecases/FindBookById.ts","statementMap":{"0":{"start":{"line":5,"column":24},"end":{"line":5,"column":54}},"1":{"start":{"line":9,"column":27},"end":{"line":9,"column":69}},"2":{"start":{"line":11,"column":8},"end":{"line":11,"column":41}},"3":{"start":{"line":11,"column":24},"end":{"line":11,"column":41}},"4":{"start":{"line":12,"column":8},"end":{"line":12,"column":25}},"5":{"start":{"line":4,"column":0},"end":{"line":4,"column":13}}},"fnMap":{"0":{"name":"(anonymous_0)","decl":{"start":{"line":5,"column":4},"end":{"line":5,"column":24}},"loc":{"start":{"line":5,"column":54},"end":{"line":5,"column":58}}},"1":{"name":"(anonymous_1)","decl":{"start":{"line":7,"column":4},"end":{"line":7,"column":9}},"loc":{"start":{"line":7,"column":31},"end":{"line":13,"column":5}}}},"branchMap":{"0":{"loc":{"start":{"line":11,"column":8},"end":{"line":11,"column":41}},"type":"if","locations":[{"start":{"line":11,"column":8},"end":{"line":11,"column":41}},{"start":{},"end":{}}]}},"s":{"0":5,"1":5,"2":5,"3":1,"4":4,"5":7},"f":{"0":5,"1":5},"b":{"0":[1,4]}}
,"/home/bsantana/code/projetos/Projeto3-Clean-Architecture-Aprofunda/src/core/usecases/ListBooks.ts": {"path":"/home/bsantana/code/projetos/Projeto3-Clean-Architecture-Aprofunda/src/core/usecases/ListBooks.ts","statementMap":{"0":{"start":{"line":5,"column":24},"end":{"line":5,"column":54}},"1":{"start":{"line":9,"column":33},"end":{"line":9,"column":68}},"2":{"start":{"line":11,"column":8},"end":{"line":11,"column":24}},"3":{"start":{"line":4,"column":0},"end":{"line":4,"column":13}}},"fnMap":{"0":{"name":"(anonymous_0)","decl":{"start":{"line":5,"column":4},"end":{"line":5,"column":24}},"loc":{"start":{"line":5,"column":54},"end":{"line":5,"column":58}}},"1":{"name":"(anonymous_1)","decl":{"start":{"line":7,"column":4},"end":{"line":7,"column":9}},"loc":{"start":{"line":7,"column":17},"end":{"line":12,"column":5}}}},"branchMap":{},"s":{"0":2,"1":2,"2":2,"3":7},"f":{"0":2,"1":2},"b":{}}
,"/home/bsantana/code/projetos/Projeto3-Clean-Architecture-Aprofunda/src/core/usecases/UpdateBook.ts": {"path":"/home/bsantana/code/projetos/Projeto3-Clean-Architecture-Aprofunda/src/core/usecases/UpdateBook.ts","statementMap":{"0":{"start":{"line":5,"column":24},"end":{"line":5,"column":54}},"1":{"start":{"line":8,"column":26},"end":{"line":8,"column":64}},"2":{"start":{"line":9,"column":8},"end":{"line":9,"column":58}},"3":{"start":{"line":9,"column":24},"end":{"line":9,"column":58}},"4":{"start":{"line":11,"column":8},"end":{"line":11,"column":37}},"5":{"start":{"line":12,"column":8},"end":{"line":12,"column":39}},"6":{"start":{"line":13,"column":8},"end":{"line":13,"column":53}},"7":{"start":{"line":15,"column":24},"end":{"line":15,"column":71}},"8":{"start":{"line":16,"column":8},"end":{"line":16,"column":23}},"9":{"start":{"line":4,"column":0},"end":{"line":4,"column":13}}},"fnMap":{"0":{"name":"(anonymous_0)","decl":{"start":{"line":5,"column":4},"end":{"line":5,"column":24}},"loc":{"start":{"line":5,"column":54},"end":{"line":5,"column":58}}},"1":{"name":"(anonymous_1)","decl":{"start":{"line":7,"column":4},"end":{"line":7,"column":9}},"loc":{"start":{"line":7,"column":40},"end":{"line":17,"column":5}}}},"branchMap":{"0":{"loc":{"start":{"line":9,"column":8},"end":{"line":9,"column":58}},"type":"if","locations":[{"start":{"line":9,"column":8},"end":{"line":9,"column":58}},{"start":{},"end":{}}]}},"s":{"0":2,"1":2,"2":2,"3":0,"4":2,"5":2,"6":2,"7":2,"8":2,"9":7},"f":{"0":2,"1":2},"b":{"0":[0,2]}}
,"/home/bsantana/code/projetos/Projeto3-Clean-Architecture-Aprofunda/src/core/usecases/UpdateBorrowStatus.ts": {"path":"/home/bsantana/code/projetos/Projeto3-Clean-Architecture-Aprofunda/src/core/usecases/UpdateBorrowStatus.ts","statementMap":{"0":{"start":{"line":5,"column":24},"end":{"line":5,"column":54}},"1":{"start":{"line":9,"column":27},"end":{"line":9,"column":65}},"2":{"start":{"line":10,"column":8},"end":{"line":10,"column":59}},"3":{"start":{"line":10,"column":25},"end":{"line":10,"column":59}},"4":{"start":{"line":11,"column":8},"end":{"line":11,"column":55}},"5":{"start":{"line":13,"column":8},"end":{"line":13,"column":57}},"6":{"start":{"line":4,"column":0},"end":{"line":4,"column":13}}},"fnMap":{"0":{"name":"(anonymous_0)","decl":{"start":{"line":5,"column":4},"end":{"line":5,"column":24}},"loc":{"start":{"line":5,"column":54},"end":{"line":5,"column":58}}},"1":{"name":"(anonymous_1)","decl":{"start":{"line":7,"column":4},"end":{"line":7,"column":9}},"loc":{"start":{"line":7,"column":27},"end":{"line":14,"column":5}}}},"branchMap":{"0":{"loc":{"start":{"line":10,"column":8},"end":{"line":10,"column":59}},"type":"if","locations":[{"start":{"line":10,"column":8},"end":{"line":10,"column":59}},{"start":{},"end":{}}]}},"s":{"0":2,"1":2,"2":2,"3":0,"4":2,"5":2,"6":7},"f":{"0":2,"1":2},"b":{"0":[0,2]}}
,"/home/bsantana/code/projetos/Projeto3-Clean-Architecture-Aprofunda/src/infra/database/InMemoryBookRepository.ts": {"path":"/home/bsantana/code/projetos/Projeto3-Clean-Architecture-Aprofunda/src/infra/database/InMemoryBookRepository.ts","statementMap":{"0":{"start":{"line":7,"column":11},"end":{"line":7,"column":30}},"1":{"start":{"line":10,"column":8},"end":{"line":10,"column":30}},"2":{"start":{"line":11,"column":8},"end":{"line":11,"column":20}},"3":{"start":{"line":15,"column":21},"end":{"line":15,"column":54}},"4":{"start":{"line":15,"column":42},"end":{"line":15,"column":53}},"5":{"start":{"line":16,"column":8},"end":{"line":16,"column":28}},"6":{"start":{"line":20,"column":8},"end":{"line":20,"column":26}},"7":{"start":{"line":24,"column":8},"end":{"line":24,"column":57}},"8":{"start":{"line":24,"column":44},"end":{"line":24,"column":55}},"9":{"start":{"line":28,"column":22},"end":{"line":28,"column":65}},"10":{"start":{"line":28,"column":48},"end":{"line":28,"column":64}},"11":{"start":{"line":29,"column":8},"end":{"line":32,"column":9}},"12":{"start":{"line":30,"column":12},"end":{"line":30,"column":37}},"13":{"start":{"line":31,"column":12},"end":{"line":31,"column":24}},"14":{"start":{"line":33,"column":8},"end":{"line":33,"column":42}},"15":{"start":{"line":6,"column":0},"end":{"line":6,"column":13}}},"fnMap":{"0":{"name":"(anonymous_0)","decl":{"start":{"line":6,"column":0},"end":{"line":6,"column":13}},"loc":{"start":{"line":6,"column":0},"end":{"line":35,"column":1}}},"1":{"name":"(anonymous_1)","decl":{"start":{"line":9,"column":4},"end":{"line":9,"column":9}},"loc":{"start":{"line":9,"column":25},"end":{"line":12,"column":5}}},"2":{"name":"(anonymous_2)","decl":{"start":{"line":14,"column":4},"end":{"line":14,"column":9}},"loc":{"start":{"line":14,"column":29},"end":{"line":17,"column":5}}},"3":{"name":"(anonymous_3)","decl":{"start":{"line":15,"column":37},"end":{"line":15,"column":38}},"loc":{"start":{"line":15,"column":42},"end":{"line":15,"column":53}}},"4":{"name":"(anonymous_4)","decl":{"start":{"line":19,"column":4},"end":{"line":19,"column":9}},"loc":{"start":{"line":19,"column":17},"end":{"line":21,"column":5}}},"5":{"name":"(anonymous_5)","decl":{"start":{"line":23,"column":4},"end":{"line":23,"column":9}},"loc":{"start":{"line":23,"column":31},"end":{"line":25,"column":5}}},"6":{"name":"(anonymous_6)","decl":{"start":{"line":24,"column":39},"end":{"line":24,"column":40}},"loc":{"start":{"line":24,"column":44},"end":{"line":24,"column":55}}},"7":{"name":"(anonymous_7)","decl":{"start":{"line":27,"column":4},"end":{"line":27,"column":9}},"loc":{"start":{"line":27,"column":31},"end":{"line":34,"column":5}}},"8":{"name":"(anonymous_8)","decl":{"start":{"line":28,"column":43},"end":{"line":28,"column":44}},"loc":{"start":{"line":28,"column":48},"end":{"line":28,"column":64}}}},"branchMap":{"0":{"loc":{"start":{"line":16,"column":15},"end":{"line":16,"column":27}},"type":"binary-expr","locations":[{"start":{"line":16,"column":15},"end":{"line":16,"column":19}},{"start":{"line":16,"column":23},"end":{"line":16,"column":27}}]},"1":{"loc":{"start":{"line":29,"column":8},"end":{"line":32,"column":9}},"type":"if","locations":[{"start":{"line":29,"column":8},"end":{"line":32,"column":9}},{"start":{},"end":{}}]}},"s":{"0":15,"1":14,"2":14,"3":12,"4":10,"5":12,"6":2,"7":2,"8":2,"9":4,"10":4,"11":4,"12":4,"13":4,"14":0,"15":12},"f":{"0":15,"1":14,"2":12,"3":10,"4":2,"5":2,"6":2,"7":4,"8":4},"b":{"0":[12,2],"1":[4,0]}}
,"/home/bsantana/code/projetos/Projeto3-Clean-Architecture-Aprofunda/src/infra/database/MongoBookRepository.ts": {"path":"/home/bsantana/code/projetos/Projeto3-Clean-Architecture-Aprofunda/src/infra/database/MongoBookRepository.ts","statementMap":{"0":{"start":{"line":1,"column":0},"end":{"line":1,"column":48}},"1":{"start":{"line":3,"column":0},"end":{"line":3,"column":48}},"2":{"start":{"line":7,"column":8},"end":{"line":12,"column":28}},"3":{"start":{"line":16,"column":20},"end":{"line":16,"column":48}},"4":{"start":{"line":17,"column":8},"end":{"line":17,"column":34}},"5":{"start":{"line":21,"column":20},"end":{"line":21,"column":42}},"6":{"start":{"line":22,"column":8},"end":{"line":22,"column":38}},"7":{"start":{"line":26,"column":20},"end":{"line":26,"column":57}},"8":{"start":{"line":28,"column":8},"end":{"line":28,"column":47}},"9":{"start":{"line":32,"column":20},"end":{"line":40,"column":null}},"10":{"start":{"line":42,"column":8},"end":{"line":44,"column":9}},"11":{"start":{"line":43,"column":12},"end":{"line":43,"column":46}},"12":{"start":{"line":46,"column":8},"end":{"line":46,"column":34}},"13":{"start":{"line":50,"column":8},"end":{"line":50,"column":47}},"14":{"start":{"line":5,"column":0},"end":{"line":5,"column":13}}},"fnMap":{"0":{"name":"(anonymous_0)","decl":{"start":{"line":6,"column":12},"end":{"line":6,"column":20}},"loc":{"start":{"line":6,"column":29},"end":{"line":13,"column":5}}},"1":{"name":"(anonymous_1)","decl":{"start":{"line":15,"column":4},"end":{"line":15,"column":9}},"loc":{"start":{"line":15,"column":25},"end":{"line":18,"column":5}}},"2":{"name":"(anonymous_2)","decl":{"start":{"line":20,"column":4},"end":{"line":20,"column":9}},"loc":{"start":{"line":20,"column":17},"end":{"line":23,"column":5}}},"3":{"name":"(anonymous_3)","decl":{"start":{"line":25,"column":4},"end":{"line":25,"column":9}},"loc":{"start":{"line":25,"column":29},"end":{"line":29,"column":5}}},"4":{"name":"(anonymous_4)","decl":{"start":{"line":31,"column":4},"end":{"line":31,"column":9}},"loc":{"start":{"line":31,"column":31},"end":{"line":47,"column":5}}},"5":{"name":"(anonymous_5)","decl":{"start":{"line":49,"column":4},"end":{"line":49,"column":9}},"loc":{"start":{"line":49,"column":31},"end":{"line":51,"column":5}}}},"branchMap":{"0":{"loc":{"start":{"line":28,"column":15},"end":{"line":28,"column":46}},"type":"cond-expr","locations":[{"start":{"line":28,"column":21},"end":{"line":28,"column":39}},{"start":{"line":28,"column":42},"end":{"line":28,"column":46}}]},"1":{"loc":{"start":{"line":42,"column":8},"end":{"line":44,"column":9}},"type":"if","locations":[{"start":{"line":42,"column":8},"end":{"line":44,"column":9}},{"start":{},"end":{}}]}},"s":{"0":6,"1":6,"2":0,"3":0,"4":0,"5":0,"6":0,"7":0,"8":0,"9":0,"10":0,"11":0,"12":0,"13":0,"14":6},"f":{"0":0,"1":0,"2":0,"3":0,"4":0,"5":0},"b":{"0":[0,0],"1":[0,0]}}
,"/home/bsantana/code/projetos/Projeto3-Clean-Architecture-Aprofunda/src/infra/database/mongooseBookModel.ts": {"path":"/home/bsantana/code/projetos/Projeto3-Clean-Architecture-Aprofunda/src/infra/database/mongooseBookModel.ts","statementMap":{"0":{"start":{"line":1,"column":0},"end":{"line":1,"column":41}},"1":{"start":{"line":3,"column":19},"end":{"line":8,"column":2}},"2":{"start":{"line":10,"column":13},"end":{"line":10,"column":51}}},"fnMap":{},"branchMap":{},"s":{"0":6,"1":6,"2":6},"f":{},"b":{}}
,"/home/bsantana/code/projetos/Projeto3-Clean-Architecture-Aprofunda/src/infra/database/mongooseConnection.ts": {"path":"/home/bsantana/code/projetos/Projeto3-Clean-Architecture-Aprofunda/src/infra/database/mongooseConnection.ts","statementMap":{"0":{"start":{"line":4,"column":0},"end":{"line":4,"column":7}},"1":{"start":{"line":1,"column":0},"end":{"line":1,"column":32}},"2":{"start":{"line":2,"column":0},"end":{"line":2,"column":23}},"3":{"start":{"line":5,"column":4},"end":{"line":10,"column":5}},"4":{"start":{"line":6,"column":8},"end":{"line":6,"column":36}},"5":{"start":{"line":8,"column":8},"end":{"line":8,"column":72}},"6":{"start":{"line":9,"column":8},"end":{"line":9,"column":24}}},"fnMap":{"0":{"name":"connectMongo","decl":{"start":{"line":4,"column":23},"end":{"line":4,"column":35}},"loc":{"start":{"line":4,"column":46},"end":{"line":11,"column":1}}}},"branchMap":{},"s":{"0":6,"1":6,"2":6,"3":6,"4":6,"5":0,"6":0},"f":{"0":6},"b":{}}
,"/home/bsantana/code/projetos/Projeto3-Clean-Architecture-Aprofunda/src/infra/database/repositoryFactory.ts": {"path":"/home/bsantana/code/projetos/Projeto3-Clean-Architecture-Aprofunda/src/infra/database/repositoryFactory.ts","statementMap":{"0":{"start":{"line":5,"column":0},"end":{"line":5,"column":16}},"1":{"start":{"line":2,"column":0},"end":{"line":2,"column":60}},"2":{"start":{"line":3,"column":0},"end":{"line":3,"column":66}},"3":{"start":{"line":6,"column":4},"end":{"line":6,"column":77}},"4":{"start":{"line":6,"column":41},"end":{"line":6,"column":77}},"5":{"start":{"line":7,"column":4},"end":{"line":7,"column":37}}},"fnMap":{"0":{"name":"getBookRepository","decl":{"start":{"line":5,"column":16},"end":{"line":5,"column":33}},"loc":{"start":{"line":5,"column":33},"end":{"line":8,"column":1}}}},"branchMap":{"0":{"loc":{"start":{"line":6,"column":4},"end":{"line":6,"column":77}},"type":"if","locations":[{"start":{"line":6,"column":4},"end":{"line":6,"column":77}},{"start":{},"end":{}}]}},"s":{"0":6,"1":6,"2":6,"3":6,"4":6,"5":0},"f":{"0":6},"b":{"0":[6,0]}}
,"/home/bsantana/code/projetos/Projeto3-Clean-Architecture-Aprofunda/src/infra/database/repositoryInstace.ts": {"path":"/home/bsantana/code/projetos/Projeto3-Clean-Architecture-Aprofunda/src/infra/database/repositoryInstace.ts","statementMap":{"0":{"start":{"line":2,"column":0},"end":{"line":2,"column":56}},"1":{"start":{"line":4,"column":13},"end":{"line":4,"column":50}}},"fnMap":{},"branchMap":{},"s":{"0":6,"1":6},"f":{},"b":{}}
,"/home/bsantana/code/projetos/Projeto3-Clean-Architecture-Aprofunda/src/infra/server/server.ts": {"path":"/home/bsantana/code/projetos/Projeto3-Clean-Architecture-Aprofunda/src/infra/server/server.ts","statementMap":{"0":{"start":{"line":1,"column":0},"end":{"line":1,"column":30}},"1":{"start":{"line":2,"column":0},"end":{"line":2,"column":74}},"2":{"start":{"line":4,"column":0},"end":{"line":4,"column":62}},"3":{"start":{"line":6,"column":12},"end":{"line":6,"column":21}},"4":{"start":{"line":7,"column":0},"end":{"line":7,"column":24}},"5":{"start":{"line":9,"column":0},"end":{"line":9,"column":39}},"6":{"start":{"line":11,"column":12},"end":{"line":11,"column":33}},"7":{"start":{"line":13,"column":0},"end":{"line":15,"column":1}},"8":{"start":{"line":14,"column":2},"end":{"line":14,"column":61}},"9":{"start":{"line":17,"column":0},"end":{"line":17,"column":18}},"10":{"start":{"line":19,"column":0},"end":{"line":19,"column":19}}},"fnMap":{},"branchMap":{"0":{"loc":{"start":{"line":13,"column":0},"end":{"line":15,"column":1}},"type":"if","locations":[{"start":{"line":13,"column":0},"end":{"line":15,"column":1}},{"start":{},"end":{}}]}},"s":{"0":6,"1":6,"2":6,"3":6,"4":6,"5":6,"6":6,"7":6,"8":0,"9":6,"10":6},"f":{},"b":{"0":[0,6]}}
}
