TN:
SF:src/app/controllers/CreateBookController.ts
FN:6,(anonymous_0)
FNF:1
FNH:1
FNDA:8,(anonymous_0)
DA:2,6
DA:3,6
DA:5,6
DA:7,8
DA:9,8
DA:10,8
DA:11,8
DA:13,7
DA:22,1
LF:9
LH:9
BRF:0
BRH:0
end_of_record
TN:
SF:src/app/controllers/DeleteBookController.ts
FN:6,(anonymous_0)
FNF:1
FNH:1
FNDA:1,(anonymous_0)
DA:2,6
DA:3,6
DA:5,6
DA:7,1
DA:9,1
DA:10,1
DA:11,1
DA:13,1
DA:15,0
LF:9
LH:8
BRF:0
BRH:0
end_of_record
TN:
SF:src/app/controllers/FindBookByIdController.ts
FN:6,(anonymous_0)
FNF:1
FNH:1
FNDA:3,(anonymous_0)
DA:2,6
DA:3,6
DA:5,6
DA:7,3
DA:9,3
DA:10,3
DA:11,3
DA:13,3
DA:15,0
LF:9
LH:8
BRF:0
BRH:0
end_of_record
TN:
SF:src/app/controllers/ListAllBooksController.ts
FN:7,(anonymous_0)
FNF:1
FNH:1
FNDA:1,(anonymous_0)
DA:2,6
DA:3,6
DA:6,6
DA:9,1
DA:10,1
DA:11,1
DA:13,1
DA:15,0
LF:8
LH:7
BRF:0
BRH:0
end_of_record
TN:
SF:src/app/controllers/UpdateBookController.ts
FN:6,(anonymous_0)
FNF:1
FNH:1
FNDA:1,(anonymous_0)
DA:2,6
DA:3,6
DA:5,6
DA:7,1
DA:8,1
DA:10,1
DA:11,1
DA:12,1
DA:14,1
DA:16,0
LF:10
LH:9
BRF:0
BRH:0
end_of_record
TN:
SF:src/app/controllers/UpdateBorrowStatusController.ts
FN:6,(anonymous_0)
FNF:1
FNH:1
FNDA:1,(anonymous_0)
DA:2,6
DA:3,6
DA:5,6
DA:7,1
DA:9,1
DA:10,1
DA:11,1
DA:13,1
DA:15,0
LF:9
LH:8
BRF:0
BRH:0
end_of_record
TN:
SF:src/app/controllers/routes/libraryRoutes.ts
FN:18,(anonymous_0)
FN:22,(anonymous_1)
FN:26,(anonymous_2)
FN:30,(anonymous_3)
FN:34,(anonymous_4)
FN:38,(anonymous_5)
FNF:6
FNH:6
FNDA:8,(anonymous_0)
FNDA:1,(anonymous_1)
FNDA:3,(anonymous_2)
FNDA:1,(anonymous_3)
FNDA:1,(anonymous_4)
FNDA:1,(anonymous_5)
DA:1,6
DA:2,6
DA:3,6
DA:4,6
DA:5,6
DA:6,6
DA:7,6
DA:9,6
DA:11,6
DA:12,6
DA:13,6
DA:14,6
DA:15,6
DA:16,6
DA:18,6
DA:19,8
DA:22,6
DA:23,1
DA:26,6
DA:27,3
DA:30,6
DA:31,1
DA:34,6
DA:35,1
DA:38,6
DA:39,1
DA:42,6
LF:27
LH:27
BRF:0
BRH:0
end_of_record
TN:
SF:src/core/entities/Book.ts
FN:4,(anonymous_0)
FNF:1
FNH:1
FNDA:14,(anonymous_0)
DA:1,12
DA:5,14
DA:6,14
DA:7,14
DA:8,14
DA:12,14
DA:13,14
LF:7
LH:7
BRF:0
BRH:0
end_of_record
TN:
SF:src/core/usecases/CreateBook.ts
FN:12,(anonymous_0)
FN:14,(anonymous_1)
FNF:2
FNH:2
FNDA:17,(anonymous_0)
FNDA:16,(anonymous_1)
DA:1,12
DA:2,12
DA:11,12
DA:12,17
DA:15,16
DA:16,2
DA:19,14
DA:27,14
DA:28,14
LF:9
LH:9
BRDA:15,0,0,2
BRDA:15,0,1,14
BRDA:15,1,0,16
BRDA:15,1,1,14
BRDA:15,1,2,14
BRF:5
BRH:5
end_of_record
TN:
SF:src/core/usecases/DeleteBook.ts
FN:4,(anonymous_0)
FN:6,(anonymous_1)
FNF:2
FNH:2
FNDA:3,(anonymous_0)
FNDA:3,(anonymous_1)
DA:3,7
DA:4,3
DA:7,3
DA:8,3
DA:10,2
LF:5
LH:5
BRDA:8,0,0,1
BRDA:8,0,1,2
BRF:2
BRH:2
end_of_record
TN:
SF:src/core/usecases/FindBookById.ts
FN:5,(anonymous_0)
FN:7,(anonymous_1)
FNF:2
FNH:2
FNDA:5,(anonymous_0)
FNDA:5,(anonymous_1)
DA:4,7
DA:5,5
DA:9,5
DA:11,5
DA:12,4
LF:5
LH:5
BRDA:11,0,0,1
BRDA:11,0,1,4
BRF:2
BRH:2
end_of_record
TN:
SF:src/core/usecases/ListBooks.ts
FN:5,(anonymous_0)
FN:7,(anonymous_1)
FNF:2
FNH:2
FNDA:2,(anonymous_0)
FNDA:2,(anonymous_1)
DA:4,7
DA:5,2
DA:9,2
DA:11,2
LF:4
LH:4
BRF:0
BRH:0
end_of_record
TN:
SF:src/core/usecases/UpdateBook.ts
FN:5,(anonymous_0)
FN:7,(anonymous_1)
FNF:2
FNH:2
FNDA:2,(anonymous_0)
FNDA:2,(anonymous_1)
DA:4,7
DA:5,2
DA:8,2
DA:9,2
DA:11,2
DA:12,2
DA:13,2
DA:15,2
DA:16,2
LF:9
LH:9
BRDA:9,0,0,0
BRDA:9,0,1,2
BRF:2
BRH:1
end_of_record
TN:
SF:src/core/usecases/UpdateBorrowStatus.ts
FN:5,(anonymous_0)
FN:7,(anonymous_1)
FNF:2
FNH:2
FNDA:2,(anonymous_0)
FNDA:2,(anonymous_1)
DA:4,7
DA:5,2
DA:9,2
DA:10,2
DA:11,2
DA:13,2
LF:6
LH:6
BRDA:10,0,0,0
BRDA:10,0,1,2
BRF:2
BRH:1
end_of_record
TN:
SF:src/infra/database/InMemoryBookRepository.ts
FN:6,(anonymous_0)
FN:9,(anonymous_1)
FN:14,(anonymous_2)
FN:15,(anonymous_3)
FN:19,(anonymous_4)
FN:23,(anonymous_5)
FN:24,(anonymous_6)
FN:27,(anonymous_7)
FN:28,(anonymous_8)
FNF:9
FNH:9
FNDA:15,(anonymous_0)
FNDA:14,(anonymous_1)
FNDA:12,(anonymous_2)
FNDA:10,(anonymous_3)
FNDA:2,(anonymous_4)
FNDA:2,(anonymous_5)
FNDA:2,(anonymous_6)
FNDA:4,(anonymous_7)
FNDA:4,(anonymous_8)
DA:6,12
DA:7,15
DA:10,14
DA:11,14
DA:15,12
DA:16,12
DA:20,2
DA:24,2
DA:28,4
DA:29,4
DA:30,4
DA:31,4
DA:33,0
LF:13
LH:12
BRDA:16,0,0,12
BRDA:16,0,1,2
BRDA:29,1,0,4
BRDA:29,1,1,0
BRF:4
BRH:3
end_of_record
TN:
SF:src/infra/database/MongoBookRepository.ts
FN:6,(anonymous_0)
FN:15,(anonymous_1)
FN:20,(anonymous_2)
FN:25,(anonymous_3)
FN:31,(anonymous_4)
FN:49,(anonymous_5)
FNF:6
FNH:0
FNDA:0,(anonymous_0)
FNDA:0,(anonymous_1)
FNDA:0,(anonymous_2)
FNDA:0,(anonymous_3)
FNDA:0,(anonymous_4)
FNDA:0,(anonymous_5)
DA:1,6
DA:3,6
DA:5,6
DA:7,0
DA:16,0
DA:17,0
DA:21,0
DA:22,0
DA:26,0
DA:28,0
DA:32,0
DA:42,0
DA:43,0
DA:46,0
DA:50,0
LF:15
LH:3
BRDA:28,0,0,0
BRDA:28,0,1,0
BRDA:42,1,0,0
BRDA:42,1,1,0
BRF:4
BRH:0
end_of_record
TN:
SF:src/infra/database/mongooseBookModel.ts
FNF:0
FNH:0
DA:1,6
DA:3,6
DA:10,6
LF:3
LH:3
BRF:0
BRH:0
end_of_record
TN:
SF:src/infra/database/mongooseConnection.ts
FN:4,connectMongo
FNF:1
FNH:1
FNDA:6,connectMongo
DA:1,6
DA:2,6
DA:4,6
DA:5,6
DA:6,6
DA:8,0
DA:9,0
LF:7
LH:5
BRF:0
BRH:0
end_of_record
TN:
SF:src/infra/database/repositoryFactory.ts
FN:5,getBookRepository
FNF:1
FNH:1
FNDA:6,getBookRepository
DA:2,6
DA:3,6
DA:5,6
DA:6,6
DA:7,0
LF:5
LH:4
BRDA:6,0,0,6
BRDA:6,0,1,0
BRF:2
BRH:1
end_of_record
TN:
SF:src/infra/database/repositoryInstace.ts
FNF:0
FNH:0
DA:2,6
DA:4,6
LF:2
LH:2
BRF:0
BRH:0
end_of_record
TN:
SF:src/infra/server/server.ts
FNF:0
FNH:0
DA:1,6
DA:2,6
DA:4,6
DA:6,6
DA:7,6
DA:9,6
DA:11,6
DA:13,6
DA:14,0
DA:17,6
DA:19,6
LF:11
LH:10
BRDA:13,0,0,0
BRDA:13,0,1,6
BRF:2
BRH:1
end_of_record
